{"C:\\Users\\tom.dubois\\Desktop\\SDIS41-KPI-INTERFACE\\frontend\\src\\components\\Button.tsx": {"path":"C:\\Users\\tom.dubois\\Desktop\\SDIS41-KPI-INTERFACE\\frontend\\src\\components\\Button.tsx","statementMap":{"0":{"start":{"line":1,"column":0},"end":{"line":1,"column":61}},"1":{"start":{"line":10,"column":15},"end":{"line":23,"column":1}},"2":{"start":{"line":11,"column":2},"end":{"line":22,"column":4}},"3":{"start":{"line":25,"column":0},"end":{"line":25,"column":22}}},"fnMap":{"0":{"name":"(anonymous_1)","decl":{"start":{"line":10,"column":15},"end":{"line":10,"column":16}},"loc":{"start":{"line":10,"column":76},"end":{"line":23,"column":1}}}},"branchMap":{},"s":{"0":3,"1":3,"2":8,"3":3},"f":{"0":8},"b":{}}
,"C:\\Users\\tom.dubois\\Desktop\\SDIS41-KPI-INTERFACE\\frontend\\src\\components\\Performance.tsx": {"path":"C:\\Users\\tom.dubois\\Desktop\\SDIS41-KPI-INTERFACE\\frontend\\src\\components\\Performance.tsx","statementMap":{"0":{"start":{"line":1,"column":0},"end":{"line":1,"column":44}},"1":{"start":{"line":2,"column":0},"end":{"line":2,"column":57}},"2":{"start":{"line":3,"column":0},"end":{"line":3,"column":26}},"3":{"start":{"line":5,"column":0},"end":{"line":5,"column":65}},"4":{"start":{"line":12,"column":48},"end":{"line":65,"column":1}},"5":{"start":{"line":13,"column":18},"end":{"line":13,"column":34}},"6":{"start":{"line":14,"column":50},"end":{"line":14,"column":69}},"7":{"start":{"line":15,"column":42},"end":{"line":15,"column":66}},"8":{"start":{"line":16,"column":27},"end":{"line":16,"column":28}},"9":{"start":{"line":17,"column":52},"end":{"line":17,"column":67}},"10":{"start":{"line":20,"column":4},"end":{"line":25,"column":15}},"11":{"start":{"line":22,"column":8},"end":{"line":24,"column":115}},"12":{"start":{"line":23,"column":30},"end":{"line":23,"column":69}},"13":{"start":{"line":24,"column":28},"end":{"line":24,"column":113}},"14":{"start":{"line":27,"column":4},"end":{"line":33,"column":42}},"15":{"start":{"line":28,"column":8},"end":{"line":32,"column":9}},"16":{"start":{"line":29,"column":12},"end":{"line":29,"column":32}},"17":{"start":{"line":31,"column":12},"end":{"line":31,"column":32}},"18":{"start":{"line":35,"column":4},"end":{"line":64,"column":6}},"19":{"start":{"line":37,"column":32},"end":{"line":37,"column":57}},"20":{"start":{"line":38,"column":32},"end":{"line":38,"column":58}},"21":{"start":{"line":67,"column":0},"end":{"line":67,"column":27}}},"fnMap":{"0":{"name":"(anonymous_1)","decl":{"start":{"line":12,"column":48},"end":{"line":12,"column":49}},"loc":{"start":{"line":12,"column":61},"end":{"line":65,"column":1}}},"1":{"name":"(anonymous_2)","decl":{"start":{"line":20,"column":14},"end":{"line":20,"column":17}},"loc":{"start":{"line":20,"column":19},"end":{"line":25,"column":5}}},"2":{"name":"(anonymous_3)","decl":{"start":{"line":23,"column":18},"end":{"line":23,"column":26}},"loc":{"start":{"line":23,"column":30},"end":{"line":23,"column":69}}},"3":{"name":"(anonymous_4)","decl":{"start":{"line":24,"column":19},"end":{"line":24,"column":24}},"loc":{"start":{"line":24,"column":28},"end":{"line":24,"column":113}}},"4":{"name":"(anonymous_5)","decl":{"start":{"line":27,"column":14},"end":{"line":27,"column":17}},"loc":{"start":{"line":27,"column":19},"end":{"line":33,"column":5}}},"5":{"name":"(anonymous_6)","decl":{"start":{"line":37,"column":26},"end":{"line":37,"column":29}},"loc":{"start":{"line":37,"column":32},"end":{"line":37,"column":57}}},"6":{"name":"(anonymous_7)","decl":{"start":{"line":38,"column":26},"end":{"line":38,"column":29}},"loc":{"start":{"line":38,"column":32},"end":{"line":38,"column":58}}}},"branchMap":{"0":{"loc":{"start":{"line":28,"column":8},"end":{"line":32,"column":9}},"type":"if","locations":[{"start":{"line":28,"column":8},"end":{"line":32,"column":9}},{"start":{"line":30,"column":15},"end":{"line":32,"column":9}}]},"1":{"loc":{"start":{"line":42,"column":13},"end":{"line":61,"column":null}},"type":"binary-expr","locations":[{"start":{"line":42,"column":13},"end":{"line":42,"column":29}},{"start":{"line":43,"column":16},"end":{"line":60,"column":null}}]},"2":{"loc":{"start":{"line":56,"column":21},"end":{"line":59,"column":null}},"type":"cond-expr","locations":[{"start":{"line":57,"column":24},"end":{"line":57,"column":99}},{"start":{"line":59,"column":24},"end":{"line":59,"column":102}}]}},"s":{"0":1,"1":1,"2":1,"3":1,"4":1,"5":14,"6":14,"7":14,"8":14,"9":14,"10":14,"11":6,"12":5,"13":1,"14":14,"15":9,"16":2,"17":7,"18":14,"19":1,"20":1,"21":1},"f":{"0":14,"1":6,"2":5,"3":1,"4":9,"5":1,"6":1},"b":{"0":[2,7],"1":[14,2],"2":[0,2]}}
,"C:\\Users\\tom.dubois\\Desktop\\SDIS41-KPI-INTERFACE\\frontend\\src\\components\\TicketCount.tsx": {"path":"C:\\Users\\tom.dubois\\Desktop\\SDIS41-KPI-INTERFACE\\frontend\\src\\components\\TicketCount.tsx","statementMap":{"0":{"start":{"line":1,"column":0},"end":{"line":1,"column":60}},"1":{"start":{"line":2,"column":0},"end":{"line":2,"column":64}},"2":{"start":{"line":3,"column":0},"end":{"line":3,"column":26}},"3":{"start":{"line":5,"column":0},"end":{"line":5,"column":57}},"4":{"start":{"line":7,"column":0},"end":{"line":7,"column":66}},"5":{"start":{"line":9,"column":0},"end":{"line":9,"column":42}},"6":{"start":{"line":19,"column":30},"end":{"line":180,"column":1}},"7":{"start":{"line":21,"column":50},"end":{"line":21,"column":79}},"8":{"start":{"line":22,"column":52},"end":{"line":22,"column":81}},"9":{"start":{"line":23,"column":34},"end":{"line":23,"column":56}},"10":{"start":{"line":24,"column":34},"end":{"line":24,"column":57}},"11":{"start":{"line":25,"column":30},"end":{"line":25,"column":59}},"12":{"start":{"line":26,"column":21},"end":{"line":26,"column":34}},"13":{"start":{"line":27,"column":25},"end":{"line":27,"column":61}},"14":{"start":{"line":28,"column":25},"end":{"line":28,"column":49}},"15":{"start":{"line":29,"column":21},"end":{"line":29,"column":34}},"16":{"start":{"line":30,"column":18},"end":{"line":30,"column":34}},"17":{"start":{"line":32,"column":26},"end":{"line":34,"column":18}},"18":{"start":{"line":36,"column":31},"end":{"line":57,"column":5}},"19":{"start":{"line":37,"column":8},"end":{"line":39,"column":9}},"20":{"start":{"line":38,"column":12},"end":{"line":38,"column":22}},"21":{"start":{"line":41,"column":22},"end":{"line":41,"column":46}},"22":{"start":{"line":43,"column":8},"end":{"line":54,"column":9}},"23":{"start":{"line":44,"column":27},"end":{"line":44,"column":35}},"24":{"start":{"line":45,"column":12},"end":{"line":47,"column":13}},"25":{"start":{"line":46,"column":16},"end":{"line":46,"column":75}},"26":{"start":{"line":49,"column":31},"end":{"line":51,"column":13}},"27":{"start":{"line":50,"column":16},"end":{"line":50,"column":74}},"28":{"start":{"line":50,"column":54},"end":{"line":50,"column":72}},"29":{"start":{"line":53,"column":12},"end":{"line":53,"column":40}},"30":{"start":{"line":56,"column":8},"end":{"line":56,"column":28}},"31":{"start":{"line":59,"column":29},"end":{"line":87,"column":22}},"32":{"start":{"line":59,"column":52},"end":{"line":87,"column":7}},"33":{"start":{"line":60,"column":8},"end":{"line":86,"column":9}},"34":{"start":{"line":61,"column":12},"end":{"line":61,"column":29}},"35":{"start":{"line":62,"column":12},"end":{"line":62,"column":27}},"36":{"start":{"line":64,"column":73},"end":{"line":68,"column":14}},"37":{"start":{"line":70,"column":12},"end":{"line":70,"column":114}},"38":{"start":{"line":70,"column":56},"end":{"line":70,"column":114}},"39":{"start":{"line":71,"column":12},"end":{"line":71,"column":117}},"40":{"start":{"line":71,"column":57},"end":{"line":71,"column":117}},"41":{"start":{"line":72,"column":12},"end":{"line":79,"column":13}},"42":{"start":{"line":73,"column":39},"end":{"line":73,"column":71}},"43":{"start":{"line":74,"column":41},"end":{"line":77,"column":19}},"44":{"start":{"line":74,"column":70},"end":{"line":76,"column":null}},"45":{"start":{"line":78,"column":16},"end":{"line":78,"column":45}},"46":{"start":{"line":81,"column":12},"end":{"line":81,"column":30}},"47":{"start":{"line":83,"column":12},"end":{"line":83,"column":67}},"48":{"start":{"line":84,"column":12},"end":{"line":84,"column":53}},"49":{"start":{"line":85,"column":12},"end":{"line":85,"column":30}},"50":{"start":{"line":89,"column":29},"end":{"line":110,"column":22}},"51":{"start":{"line":89,"column":52},"end":{"line":110,"column":7}},"52":{"start":{"line":90,"column":8},"end":{"line":109,"column":9}},"53":{"start":{"line":91,"column":73},"end":{"line":95,"column":14}},"54":{"start":{"line":97,"column":12},"end":{"line":97,"column":114}},"55":{"start":{"line":97,"column":56},"end":{"line":97,"column":114}},"56":{"start":{"line":98,"column":12},"end":{"line":98,"column":117}},"57":{"start":{"line":98,"column":57},"end":{"line":98,"column":117}},"58":{"start":{"line":99,"column":12},"end":{"line":106,"column":13}},"59":{"start":{"line":100,"column":39},"end":{"line":100,"column":71}},"60":{"start":{"line":101,"column":41},"end":{"line":104,"column":19}},"61":{"start":{"line":101,"column":70},"end":{"line":103,"column":null}},"62":{"start":{"line":105,"column":16},"end":{"line":105,"column":45}},"63":{"start":{"line":108,"column":12},"end":{"line":108,"column":80}},"64":{"start":{"line":112,"column":4},"end":{"line":117,"column":45}},"65":{"start":{"line":113,"column":8},"end":{"line":113,"column":27}},"66":{"start":{"line":114,"column":27},"end":{"line":114,"column":63}},"67":{"start":{"line":116,"column":8},"end":{"line":116,"column":47}},"68":{"start":{"line":116,"column":21},"end":{"line":116,"column":46}},"69":{"start":{"line":119,"column":4},"end":{"line":119,"column":56}},"70":{"start":{"line":119,"column":17},"end":{"line":119,"column":56}},"71":{"start":{"line":120,"column":4},"end":{"line":120,"column":37}},"72":{"start":{"line":120,"column":15},"end":{"line":120,"column":37}},"73":{"start":{"line":122,"column":30},"end":{"line":124,"column":5}},"74":{"start":{"line":123,"column":8},"end":{"line":123,"column":52}},"75":{"start":{"line":126,"column":24},"end":{"line":131,"column":5}},"76":{"start":{"line":127,"column":8},"end":{"line":130,"column":10}},"77":{"start":{"line":133,"column":25},"end":{"line":138,"column":5}},"78":{"start":{"line":134,"column":22},"end":{"line":134,"column":32}},"79":{"start":{"line":135,"column":22},"end":{"line":135,"column":55}},"80":{"start":{"line":136,"column":21},"end":{"line":136,"column":51}},"81":{"start":{"line":137,"column":8},"end":{"line":137,"column":66}},"82":{"start":{"line":140,"column":4},"end":{"line":179,"column":6}},"83":{"start":{"line":158,"column":28},"end":{"line":159,"column":null}},"84":{"start":{"line":160,"column":47},"end":{"line":160,"column":74}},"85":{"start":{"line":182,"column":0},"end":{"line":182,"column":27}}},"fnMap":{"0":{"name":"(anonymous_8)","decl":{"start":{"line":19,"column":30},"end":{"line":19,"column":33}},"loc":{"start":{"line":19,"column":35},"end":{"line":180,"column":1}}},"1":{"name":"(anonymous_9)","decl":{"start":{"line":36,"column":31},"end":{"line":36,"column":32}},"loc":{"start":{"line":36,"column":64},"end":{"line":57,"column":5}}},"2":{"name":"(anonymous_10)","decl":{"start":{"line":49,"column":31},"end":{"line":49,"column":32}},"loc":{"start":{"line":49,"column":55},"end":{"line":51,"column":13}}},"3":{"name":"(anonymous_11)","decl":{"start":{"line":50,"column":44},"end":{"line":50,"column":45}},"loc":{"start":{"line":50,"column":54},"end":{"line":50,"column":72}}},"4":{"name":"(anonymous_12)","decl":{"start":{"line":59,"column":41},"end":{"line":59,"column":50}},"loc":{"start":{"line":59,"column":52},"end":{"line":87,"column":7}}},"5":{"name":"(anonymous_13)","decl":{"start":{"line":59,"column":52},"end":{"line":59,"column":null}},"loc":{"start":{"line":59,"column":52},"end":{"line":87,"column":5}}},"6":{"name":"(anonymous_14)","decl":{"start":{"line":74,"column":60},"end":{"line":74,"column":66}},"loc":{"start":{"line":74,"column":70},"end":{"line":76,"column":null}}},"7":{"name":"(anonymous_15)","decl":{"start":{"line":89,"column":41},"end":{"line":89,"column":50}},"loc":{"start":{"line":89,"column":52},"end":{"line":110,"column":7}}},"8":{"name":"(anonymous_16)","decl":{"start":{"line":89,"column":52},"end":{"line":89,"column":null}},"loc":{"start":{"line":89,"column":52},"end":{"line":110,"column":5}}},"9":{"name":"(anonymous_17)","decl":{"start":{"line":101,"column":60},"end":{"line":101,"column":66}},"loc":{"start":{"line":101,"column":70},"end":{"line":103,"column":null}}},"10":{"name":"(anonymous_18)","decl":{"start":{"line":112,"column":14},"end":{"line":112,"column":17}},"loc":{"start":{"line":112,"column":19},"end":{"line":117,"column":5}}},"11":{"name":"(anonymous_19)","decl":{"start":{"line":116,"column":15},"end":{"line":116,"column":18}},"loc":{"start":{"line":116,"column":21},"end":{"line":116,"column":46}}},"12":{"name":"(anonymous_20)","decl":{"start":{"line":122,"column":30},"end":{"line":122,"column":31}},"loc":{"start":{"line":122,"column":51},"end":{"line":124,"column":5}}},"13":{"name":"(anonymous_21)","decl":{"start":{"line":126,"column":24},"end":{"line":126,"column":25}},"loc":{"start":{"line":126,"column":79},"end":{"line":131,"column":5}}},"14":{"name":"(anonymous_22)","decl":{"start":{"line":133,"column":25},"end":{"line":133,"column":28}},"loc":{"start":{"line":133,"column":30},"end":{"line":138,"column":5}}},"15":{"name":"(anonymous_23)","decl":{"start":{"line":157,"column":37},"end":{"line":157,"column":38}},"loc":{"start":{"line":158,"column":28},"end":{"line":159,"column":null}}},"16":{"name":"(anonymous_24)","decl":{"start":{"line":160,"column":41},"end":{"line":160,"column":44}},"loc":{"start":{"line":160,"column":47},"end":{"line":160,"column":74}}}},"branchMap":{"0":{"loc":{"start":{"line":32,"column":26},"end":{"line":34,"column":18}},"type":"cond-expr","locations":[{"start":{"line":33,"column":10},"end":{"line":33,"column":60}},{"start":{"line":34,"column":10},"end":{"line":34,"column":18}}]},"1":{"loc":{"start":{"line":37,"column":8},"end":{"line":39,"column":9}},"type":"if","locations":[{"start":{"line":37,"column":8},"end":{"line":39,"column":9}}]},"2":{"loc":{"start":{"line":43,"column":8},"end":{"line":54,"column":9}},"type":"if","locations":[{"start":{"line":43,"column":8},"end":{"line":54,"column":9}}]},"3":{"loc":{"start":{"line":45,"column":12},"end":{"line":47,"column":13}},"type":"if","locations":[{"start":{"line":45,"column":12},"end":{"line":47,"column":13}}]},"4":{"loc":{"start":{"line":45,"column":16},"end":{"line":45,"column":64}},"type":"binary-expr","locations":[{"start":{"line":45,"column":16},"end":{"line":45,"column":38}},{"start":{"line":45,"column":42},"end":{"line":45,"column":64}}]},"5":{"loc":{"start":{"line":70,"column":12},"end":{"line":70,"column":114}},"type":"if","locations":[{"start":{"line":70,"column":12},"end":{"line":70,"column":114}}]},"6":{"loc":{"start":{"line":70,"column":75},"end":{"line":70,"column":112}},"type":"binary-expr","locations":[{"start":{"line":70,"column":75},"end":{"line":70,"column":107}},{"start":{"line":70,"column":111},"end":{"line":70,"column":112}}]},"7":{"loc":{"start":{"line":71,"column":12},"end":{"line":71,"column":117}},"type":"if","locations":[{"start":{"line":71,"column":12},"end":{"line":71,"column":117}}]},"8":{"loc":{"start":{"line":71,"column":77},"end":{"line":71,"column":115}},"type":"binary-expr","locations":[{"start":{"line":71,"column":77},"end":{"line":71,"column":110}},{"start":{"line":71,"column":114},"end":{"line":71,"column":115}}]},"9":{"loc":{"start":{"line":72,"column":12},"end":{"line":79,"column":13}},"type":"if","locations":[{"start":{"line":72,"column":12},"end":{"line":79,"column":13}}]},"10":{"loc":{"start":{"line":73,"column":39},"end":{"line":73,"column":71}},"type":"binary-expr","locations":[{"start":{"line":73,"column":39},"end":{"line":73,"column":65}},{"start":{"line":73,"column":69},"end":{"line":73,"column":71}}]},"11":{"loc":{"start":{"line":97,"column":12},"end":{"line":97,"column":114}},"type":"if","locations":[{"start":{"line":97,"column":12},"end":{"line":97,"column":114}}]},"12":{"loc":{"start":{"line":97,"column":75},"end":{"line":97,"column":112}},"type":"binary-expr","locations":[{"start":{"line":97,"column":75},"end":{"line":97,"column":107}},{"start":{"line":97,"column":111},"end":{"line":97,"column":112}}]},"13":{"loc":{"start":{"line":98,"column":12},"end":{"line":98,"column":117}},"type":"if","locations":[{"start":{"line":98,"column":12},"end":{"line":98,"column":117}}]},"14":{"loc":{"start":{"line":98,"column":77},"end":{"line":98,"column":115}},"type":"binary-expr","locations":[{"start":{"line":98,"column":77},"end":{"line":98,"column":110}},{"start":{"line":98,"column":114},"end":{"line":98,"column":115}}]},"15":{"loc":{"start":{"line":99,"column":12},"end":{"line":106,"column":13}},"type":"if","locations":[{"start":{"line":99,"column":12},"end":{"line":106,"column":13}}]},"16":{"loc":{"start":{"line":100,"column":39},"end":{"line":100,"column":71}},"type":"binary-expr","locations":[{"start":{"line":100,"column":39},"end":{"line":100,"column":65}},{"start":{"line":100,"column":69},"end":{"line":100,"column":71}}]},"17":{"loc":{"start":{"line":119,"column":4},"end":{"line":119,"column":56}},"type":"if","locations":[{"start":{"line":119,"column":4},"end":{"line":119,"column":56}}]},"18":{"loc":{"start":{"line":120,"column":4},"end":{"line":120,"column":37}},"type":"if","locations":[{"start":{"line":120,"column":4},"end":{"line":120,"column":37}}]},"19":{"loc":{"start":{"line":129,"column":19},"end":{"line":129,"column":57}},"type":"cond-expr","locations":[{"start":{"line":129,"column":36},"end":{"line":129,"column":45}},{"start":{"line":129,"column":48},"end":{"line":129,"column":57}}]},"20":{"loc":{"start":{"line":159,"column":37},"end":{"line":159,"column":72}},"type":"cond-expr","locations":[{"start":{"line":159,"column":37},"end":{"line":159,"column":45}},{"start":{"line":159,"column":49},"end":{"line":159,"column":72}}]},"21":{"loc":{"start":{"line":159,"column":37},"end":{"line":159,"column":49}},"type":"binary-expr","locations":[{"start":{"line":159,"column":37},"end":{"line":159,"column":49}},{"start":{"line":159,"column":37},"end":{"line":159,"column":49}}]}},"s":{"0":2,"1":2,"2":2,"3":2,"4":2,"5":2,"6":2,"7":11,"8":11,"9":11,"10":11,"11":11,"12":11,"13":11,"14":11,"15":11,"16":11,"17":11,"18":11,"19":25,"20":14,"21":11,"22":11,"23":11,"24":11,"25":11,"26":11,"27":11,"28":22,"29":11,"30":0,"31":11,"32":5,"33":5,"34":5,"35":5,"36":5,"37":5,"38":5,"39":5,"40":5,"41":5,"42":5,"43":5,"44":10,"45":5,"46":5,"47":0,"48":0,"49":0,"50":11,"51":7,"52":7,"53":7,"54":7,"55":7,"56":7,"57":7,"58":7,"59":7,"60":7,"61":15,"62":7,"63":0,"64":11,"65":5,"66":5,"67":5,"68":5,"69":11,"70":5,"71":6,"72":0,"73":6,"74":1,"75":6,"76":12,"77":6,"78":1,"79":1,"80":1,"81":1,"82":6,"83":12,"84":1,"85":2},"f":{"0":11,"1":25,"2":11,"3":22,"4":5,"5":5,"6":10,"7":7,"8":7,"9":15,"10":5,"11":5,"12":1,"13":12,"14":1,"15":12,"16":1},"b":{"0":[8,3],"1":[14],"2":[11],"3":[11],"4":[11,0],"5":[5],"6":[5,0],"7":[5],"8":[5,0],"9":[5],"10":[5,0],"11":[7],"12":[7,0],"13":[7],"14":[7,0],"15":[7],"16":[7,0],"17":[5],"18":[0],"19":[4,8],"20":[8,4],"21":[12,12]}}
,"C:\\Users\\tom.dubois\\Desktop\\SDIS41-KPI-INTERFACE\\frontend\\src\\components\\Title.tsx": {"path":"C:\\Users\\tom.dubois\\Desktop\\SDIS41-KPI-INTERFACE\\frontend\\src\\components\\Title.tsx","statementMap":{"0":{"start":{"line":1,"column":0},"end":{"line":1,"column":60}},"1":{"start":{"line":7,"column":14},"end":{"line":13,"column":1}},"2":{"start":{"line":8,"column":4},"end":{"line":12,"column":6}},"3":{"start":{"line":15,"column":0},"end":{"line":15,"column":21}}},"fnMap":{"0":{"name":"(anonymous_1)","decl":{"start":{"line":7,"column":14},"end":{"line":7,"column":15}},"loc":{"start":{"line":7,"column":37},"end":{"line":13,"column":1}}}},"branchMap":{},"s":{"0":1,"1":1,"2":1,"3":1},"f":{"0":1},"b":{}}
,"C:\\Users\\tom.dubois\\Desktop\\SDIS41-KPI-INTERFACE\\frontend\\src\\context\\TranslationContext.tsx": {"path":"C:\\Users\\tom.dubois\\Desktop\\SDIS41-KPI-INTERFACE\\frontend\\src\\context\\TranslationContext.tsx","statementMap":{"0":{"start":{"line":28,"column":0},"end":{"line":28,"column":16}},"1":{"start":{"line":1,"column":0},"end":{"line":1,"column":59}},"2":{"start":{"line":2,"column":0},"end":{"line":2,"column":36}},"3":{"start":{"line":3,"column":0},"end":{"line":3,"column":36}},"4":{"start":{"line":16,"column":42},"end":{"line":16,"column":52}},"5":{"start":{"line":25,"column":13},"end":{"line":25,"column":85}},"6":{"start":{"line":29,"column":26},"end":{"line":29,"column":53}},"7":{"start":{"line":32,"column":25},"end":{"line":34,"column":3}},"8":{"start":{"line":33,"column":4},"end":{"line":33,"column":88}},"9":{"start":{"line":33,"column":44},"end":{"line":33,"column":80}},"10":{"start":{"line":36,"column":12},"end":{"line":36,"column":77}},"11":{"start":{"line":36,"column":38},"end":{"line":36,"column":77}},"12":{"start":{"line":38,"column":2},"end":{"line":42,"column":4}}},"fnMap":{"0":{"name":"TranslationProvider","decl":{"start":{"line":28,"column":16},"end":{"line":28,"column":35}},"loc":{"start":{"line":28,"column":73},"end":{"line":43,"column":1}}},"1":{"name":"(anonymous_2)","decl":{"start":{"line":32,"column":25},"end":{"line":32,"column":26}},"loc":{"start":{"line":32,"column":59},"end":{"line":34,"column":3}}},"2":{"name":"(anonymous_3)","decl":{"start":{"line":33,"column":33},"end":{"line":33,"column":34}},"loc":{"start":{"line":33,"column":44},"end":{"line":33,"column":80}}},"3":{"name":"(anonymous_4)","decl":{"start":{"line":36,"column":12},"end":{"line":36,"column":13}},"loc":{"start":{"line":36,"column":38},"end":{"line":36,"column":77}}}},"branchMap":{"0":{"loc":{"start":{"line":33,"column":44},"end":{"line":33,"column":80}},"type":"cond-expr","locations":[{"start":{"line":33,"column":70},"end":{"line":33,"column":74}},{"start":{"line":33,"column":77},"end":{"line":33,"column":80}}]},"1":{"loc":{"start":{"line":33,"column":44},"end":{"line":33,"column":67}},"type":"binary-expr","locations":[{"start":{"line":33,"column":44},"end":{"line":33,"column":45}},{"start":{"line":33,"column":49},"end":{"line":33,"column":67}}]}},"s":{"0":1,"1":1,"2":1,"3":1,"4":1,"5":1,"6":1,"7":1,"8":17,"9":34,"10":1,"11":17,"12":1},"f":{"0":1,"1":17,"2":34,"3":17},"b":{"0":[34,0],"1":[34,34]}}
,"C:\\Users\\tom.dubois\\Desktop\\SDIS41-KPI-INTERFACE\\frontend\\src\\hooks\\useTranslation.tsx": {"path":"C:\\Users\\tom.dubois\\Desktop\\SDIS41-KPI-INTERFACE\\frontend\\src\\hooks\\useTranslation.tsx","statementMap":{"0":{"start":{"line":4,"column":0},"end":{"line":4,"column":16}},"1":{"start":{"line":1,"column":0},"end":{"line":1,"column":35}},"2":{"start":{"line":2,"column":0},"end":{"line":2,"column":67}},"3":{"start":{"line":5,"column":18},"end":{"line":5,"column":48}},"4":{"start":{"line":7,"column":2},"end":{"line":9,"column":3}},"5":{"start":{"line":8,"column":4},"end":{"line":8,"column":80}},"6":{"start":{"line":11,"column":2},"end":{"line":11,"column":17}}},"fnMap":{"0":{"name":"useTranslation","decl":{"start":{"line":4,"column":16},"end":{"line":4,"column":30}},"loc":{"start":{"line":4,"column":30},"end":{"line":12,"column":1}}}},"branchMap":{"0":{"loc":{"start":{"line":7,"column":2},"end":{"line":9,"column":3}},"type":"if","locations":[{"start":{"line":7,"column":2},"end":{"line":9,"column":3}}]}},"s":{"0":1,"1":1,"2":1,"3":3,"4":3,"5":0,"6":3},"f":{"0":3},"b":{"0":[0]}}
}
