TN:
SF:src\components\Button.tsx
FN:10,(anonymous_1)
FNF:1
FNH:1
FNDA:8,(anonymous_1)
DA:1,3
DA:10,3
DA:11,8
DA:25,3
LF:4
LH:4
BRF:0
BRH:0
end_of_record
TN:
SF:src\components\Performance.tsx
FN:12,(anonymous_1)
FN:20,(anonymous_2)
FN:23,(anonymous_3)
FN:24,(anonymous_4)
FN:27,(anonymous_5)
FN:37,(anonymous_6)
FN:38,(anonymous_7)
FNF:7
FNH:7
FNDA:14,(anonymous_1)
FNDA:6,(anonymous_2)
FNDA:5,(anonymous_3)
FNDA:1,(anonymous_4)
FNDA:9,(anonymous_5)
FNDA:1,(anonymous_6)
FNDA:1,(anonymous_7)
DA:1,1
DA:2,1
DA:3,1
DA:5,1
DA:12,1
DA:13,14
DA:14,14
DA:15,14
DA:16,14
DA:17,14
DA:20,14
DA:22,6
DA:23,5
DA:24,1
DA:27,14
DA:28,9
DA:29,2
DA:31,7
DA:35,14
DA:37,1
DA:38,1
DA:67,1
LF:22
LH:22
BRDA:28,0,0,2
BRDA:28,0,1,7
BRDA:42,1,0,14
BRDA:42,1,1,2
BRDA:56,2,0,0
BRDA:56,2,1,2
BRF:6
BRH:5
end_of_record
TN:
SF:src\components\TicketCount.tsx
FN:19,(anonymous_8)
FN:36,(anonymous_9)
FN:49,(anonymous_10)
FN:50,(anonymous_11)
FN:59,(anonymous_12)
FN:59,(anonymous_13)
FN:74,(anonymous_14)
FN:89,(anonymous_15)
FN:89,(anonymous_16)
FN:101,(anonymous_17)
FN:112,(anonymous_18)
FN:116,(anonymous_19)
FN:122,(anonymous_20)
FN:126,(anonymous_21)
FN:133,(anonymous_22)
FN:157,(anonymous_23)
FN:160,(anonymous_24)
FNF:17
FNH:17
FNDA:11,(anonymous_8)
FNDA:25,(anonymous_9)
FNDA:11,(anonymous_10)
FNDA:22,(anonymous_11)
FNDA:5,(anonymous_12)
FNDA:5,(anonymous_13)
FNDA:10,(anonymous_14)
FNDA:7,(anonymous_15)
FNDA:7,(anonymous_16)
FNDA:15,(anonymous_17)
FNDA:5,(anonymous_18)
FNDA:5,(anonymous_19)
FNDA:1,(anonymous_20)
FNDA:12,(anonymous_21)
FNDA:1,(anonymous_22)
FNDA:12,(anonymous_23)
FNDA:1,(anonymous_24)
DA:1,2
DA:2,2
DA:3,2
DA:5,2
DA:7,2
DA:9,2
DA:19,2
DA:21,11
DA:22,11
DA:23,11
DA:24,11
DA:25,11
DA:26,11
DA:27,11
DA:28,11
DA:29,11
DA:30,11
DA:32,11
DA:36,11
DA:37,25
DA:38,14
DA:41,11
DA:43,11
DA:44,11
DA:45,11
DA:46,11
DA:49,11
DA:50,22
DA:53,11
DA:56,0
DA:59,11
DA:60,5
DA:61,5
DA:62,5
DA:64,5
DA:70,5
DA:71,5
DA:72,5
DA:73,5
DA:74,10
DA:78,5
DA:81,5
DA:83,0
DA:84,0
DA:85,0
DA:89,11
DA:90,7
DA:91,7
DA:97,7
DA:98,7
DA:99,7
DA:100,7
DA:101,15
DA:105,7
DA:108,0
DA:112,11
DA:113,5
DA:114,5
DA:116,5
DA:119,11
DA:120,6
DA:122,6
DA:123,1
DA:126,6
DA:127,12
DA:133,6
DA:134,1
DA:135,1
DA:136,1
DA:137,1
DA:140,6
DA:158,12
DA:160,1
DA:182,2
LF:74
LH:69
BRDA:32,0,0,8
BRDA:32,0,1,3
BRDA:37,1,0,14
BRDA:43,2,0,11
BRDA:45,3,0,11
BRDA:45,4,0,11
BRDA:45,4,1,0
BRDA:70,5,0,5
BRDA:70,6,0,5
BRDA:70,6,1,0
BRDA:71,7,0,5
BRDA:71,8,0,5
BRDA:71,8,1,0
BRDA:72,9,0,5
BRDA:73,10,0,5
BRDA:73,10,1,0
BRDA:97,11,0,7
BRDA:97,12,0,7
BRDA:97,12,1,0
BRDA:98,13,0,7
BRDA:98,14,0,7
BRDA:98,14,1,0
BRDA:99,15,0,7
BRDA:100,16,0,7
BRDA:100,16,1,0
BRDA:119,17,0,5
BRDA:120,18,0,0
BRDA:129,19,0,4
BRDA:129,19,1,8
BRDA:159,20,0,8
BRDA:159,20,1,4
BRDA:159,21,0,12
BRDA:159,21,1,12
BRF:33
BRH:25
end_of_record
TN:
SF:src\components\Title.tsx
FN:7,(anonymous_1)
FNF:1
FNH:1
FNDA:1,(anonymous_1)
DA:1,1
DA:7,1
DA:8,1
DA:15,1
LF:4
LH:4
BRF:0
BRH:0
end_of_record
TN:
SF:src\context\TranslationContext.tsx
FN:28,TranslationProvider
FN:32,(anonymous_2)
FN:33,(anonymous_3)
FN:36,(anonymous_4)
FNF:4
FNH:4
FNDA:1,TranslationProvider
FNDA:17,(anonymous_2)
FNDA:34,(anonymous_3)
FNDA:17,(anonymous_4)
DA:1,1
DA:2,1
DA:3,1
DA:16,1
DA:25,1
DA:28,1
DA:29,1
DA:32,1
DA:33,34
DA:36,17
DA:38,1
LF:11
LH:11
BRDA:33,0,0,34
BRDA:33,0,1,0
BRDA:33,1,0,34
BRDA:33,1,1,34
BRF:4
BRH:3
end_of_record
TN:
SF:src\hooks\useTranslation.tsx
FN:4,useTranslation
FNF:1
FNH:1
FNDA:3,useTranslation
DA:1,1
DA:2,1
DA:4,1
DA:5,3
DA:7,3
DA:8,0
DA:11,3
LF:7
LH:6
BRDA:7,0,0,0
BRF:1
BRH:0
end_of_record
